<?xml version="1.0" encoding="UTF-8"?>
<testng-results ignored="0" total="2" passed="2" failed="0" skipped="0">
  <reporter-output>
  </reporter-output>
  <suite started-at="2023-08-16T13:54:13 IST" name="Default suite" finished-at="2023-08-16T13:54:17 IST" duration-ms="4032">
    <groups>
    </groups>
    <test started-at="2023-08-16T13:54:13 IST" name="Default test" finished-at="2023-08-16T13:54:17 IST" duration-ms="4032">
      <class name="p1.Test1">
        <test-method signature="setUp()[pri:1, instance:p1.Test1@e15b7e8]" started-at="2023-08-16T13:54:13 IST" name="setUp" finished-at="2023-08-16T13:54:16 IST" duration-ms="2847" status="PASS">
          <reporter-output>
          </reporter-output>
        </test-method> <!-- setUp -->
        <test-method signature="openUrl()[pri:2, instance:p1.Test1@e15b7e8]" started-at="2023-08-16T13:54:16 IST" name="openUrl" finished-at="2023-08-16T13:54:17 IST" duration-ms="1147" status="PASS">
          <reporter-output>
          </reporter-output>
        </test-method> <!-- openUrl -->
      </class> <!-- p1.Test1 -->
    </test> <!-- Default test -->
  </suite> <!-- Default suite -->
</testng-results>
